[2025-04-04T14:21:32.196+0000] {manager.py:487} INFO - Processing files using up to 1 processes at a time 
[2025-04-04T14:21:32.198+0000] {manager.py:488} INFO - Process each file at most once every 30 seconds
[2025-04-04T14:21:32.199+0000] {manager.py:489} INFO - Checking for new files in /opt/airflow/dags every 300 seconds
[2025-04-04T14:21:32.212+0000] {manager.py:755} INFO - Searching for files in /opt/airflow/dags
[2025-04-04T14:21:32.421+0000] {manager.py:758} INFO - There are 1 files in /opt/airflow/dags
[2025-04-04T14:21:36.634+0000] {manager.py:887} INFO - 
================================================================================
DAG File Processing Stats

File Path                                   PID    Runtime      # DAGs    # Errors  Last Runtime    Last Run
------------------------------------------  -----  ---------  --------  ----------  --------------  -------------------
/opt/airflow/dags/spark_distributed_etl.py                           1           0  2.37s           2025-04-04T14:21:36
================================================================================
[2025-04-04T14:22:04.959+0000] {manager.py:887} INFO - 
================================================================================
DAG File Processing Stats

File Path                                   PID    Runtime      # DAGs    # Errors  Last Runtime    Last Run
------------------------------------------  -----  ---------  --------  ----------  --------------  -------------------
/opt/airflow/dags/spark_distributed_etl.py                           1           0  2.37s           2025-04-04T14:21:36
================================================================================
[2025-04-04T14:22:32.511+0000] {manager.py:887} INFO - 
================================================================================
DAG File Processing Stats

File Path                                   PID    Runtime      # DAGs    # Errors  Last Runtime    Last Run
------------------------------------------  -----  ---------  --------  ----------  --------------  -------------------
/opt/airflow/dags/spark_distributed_etl.py                           1           0  1.37s           2025-04-04T14:22:09
================================================================================
[2025-04-04T14:23:00.257+0000] {manager.py:887} INFO - 
================================================================================
DAG File Processing Stats

File Path                                   PID    Runtime      # DAGs    # Errors  Last Runtime    Last Run
------------------------------------------  -----  ---------  --------  ----------  --------------  -------------------
/opt/airflow/dags/spark_distributed_etl.py                           1           0  0.52s           2025-04-04T14:22:40
================================================================================
[2025-04-04T14:23:28.226+0000] {manager.py:887} INFO - 
================================================================================
DAG File Processing Stats

File Path                                   PID    Runtime      # DAGs    # Errors  Last Runtime    Last Run
------------------------------------------  -----  ---------  --------  ----------  --------------  -------------------
/opt/airflow/dags/spark_distributed_etl.py                           1           0  0.31s           2025-04-04T14:23:11
================================================================================
[2025-04-04T14:23:56.214+0000] {manager.py:887} INFO - 
================================================================================
DAG File Processing Stats

File Path                                   PID    Runtime      # DAGs    # Errors  Last Runtime    Last Run
------------------------------------------  -----  ---------  --------  ----------  --------------  -------------------
/opt/airflow/dags/spark_distributed_etl.py                           1           0  0.31s           2025-04-04T14:23:42
================================================================================
[2025-04-04T14:24:23.939+0000] {manager.py:887} INFO - 
================================================================================
DAG File Processing Stats

File Path                                   PID    Runtime      # DAGs    # Errors  Last Runtime    Last Run
------------------------------------------  -----  ---------  --------  ----------  --------------  -------------------
/opt/airflow/dags/spark_distributed_etl.py                           1           0  0.31s           2025-04-04T14:24:13
================================================================================
[2025-04-04T14:24:51.903+0000] {manager.py:887} INFO - 
================================================================================
DAG File Processing Stats

File Path                                   PID    Runtime      # DAGs    # Errors  Last Runtime    Last Run
------------------------------------------  -----  ---------  --------  ----------  --------------  -------------------
/opt/airflow/dags/spark_distributed_etl.py                           1           0  0.21s           2025-04-04T14:24:44
================================================================================
[2025-04-04T14:25:19.809+0000] {manager.py:887} INFO - 
================================================================================
DAG File Processing Stats

File Path                                   PID    Runtime      # DAGs    # Errors  Last Runtime    Last Run
------------------------------------------  -----  ---------  --------  ----------  --------------  -------------------
/opt/airflow/dags/spark_distributed_etl.py                           1           0  0.54s           2025-04-04T14:25:15
================================================================================
[2025-04-04T14:25:49.853+0000] {manager.py:887} INFO - 
================================================================================
DAG File Processing Stats

File Path                                   PID    Runtime      # DAGs    # Errors  Last Runtime    Last Run
------------------------------------------  -----  ---------  --------  ----------  --------------  -------------------
/opt/airflow/dags/spark_distributed_etl.py                           1           0  1.12s           2025-04-04T14:25:47
================================================================================
[2025-04-04T14:26:18.017+0000] {manager.py:887} INFO - 
================================================================================
DAG File Processing Stats

File Path                                   PID    Runtime      # DAGs    # Errors  Last Runtime    Last Run
------------------------------------------  -----  ---------  --------  ----------  --------------  -------------------
/opt/airflow/dags/spark_distributed_etl.py                           1           0  0.22s           2025-04-04T14:26:18
================================================================================
[2025-04-04T14:26:33.316+0000] {manager.py:755} INFO - Searching for files in /opt/airflow/dags
[2025-04-04T14:26:33.368+0000] {manager.py:758} INFO - There are 1 files in /opt/airflow/dags
[2025-04-04T14:26:46.520+0000] {manager.py:887} INFO - 
================================================================================
DAG File Processing Stats

File Path                                   PID    Runtime      # DAGs    # Errors  Last Runtime    Last Run
------------------------------------------  -----  ---------  --------  ----------  --------------  -------------------
/opt/airflow/dags/spark_distributed_etl.py                           1           0  0.22s           2025-04-04T14:26:18
================================================================================
[2025-04-04T14:27:14.174+0000] {manager.py:887} INFO - 
================================================================================
DAG File Processing Stats

File Path                                   PID    Runtime      # DAGs    # Errors  Last Runtime    Last Run
------------------------------------------  -----  ---------  --------  ----------  --------------  -------------------
/opt/airflow/dags/spark_distributed_etl.py                           1           0  0.21s           2025-04-04T14:26:48
================================================================================
[2025-04-04T14:27:41.761+0000] {manager.py:887} INFO - 
================================================================================
DAG File Processing Stats

File Path                                   PID    Runtime      # DAGs    # Errors  Last Runtime    Last Run
------------------------------------------  -----  ---------  --------  ----------  --------------  -------------------
/opt/airflow/dags/spark_distributed_etl.py                           1           0  0.21s           2025-04-04T14:27:19
================================================================================
[2025-04-04T14:28:09.975+0000] {manager.py:887} INFO - 
================================================================================
DAG File Processing Stats

File Path                                   PID    Runtime      # DAGs    # Errors  Last Runtime    Last Run
------------------------------------------  -----  ---------  --------  ----------  --------------  -------------------
/opt/airflow/dags/spark_distributed_etl.py                           1           0  0.21s           2025-04-04T14:27:51
================================================================================
[2025-04-04T14:28:37.839+0000] {manager.py:887} INFO - 
================================================================================
DAG File Processing Stats

File Path                                   PID    Runtime      # DAGs    # Errors  Last Runtime    Last Run
------------------------------------------  -----  ---------  --------  ----------  --------------  -------------------
/opt/airflow/dags/spark_distributed_etl.py                           1           0  0.31s           2025-04-04T14:28:21
================================================================================
[2025-04-04T14:29:05.490+0000] {manager.py:887} INFO - 
================================================================================
DAG File Processing Stats

File Path                                   PID    Runtime      # DAGs    # Errors  Last Runtime    Last Run
------------------------------------------  -----  ---------  --------  ----------  --------------  -------------------
/opt/airflow/dags/spark_distributed_etl.py                           1           0  0.31s           2025-04-04T14:28:52
================================================================================
[2025-04-04T14:29:32.043+0000] {manager.py:469} INFO - Exiting gracefully upon receiving signal 15
[2025-04-04T14:34:17.751+0000] {manager.py:487} INFO - Processing files using up to 1 processes at a time 
[2025-04-04T14:34:17.767+0000] {manager.py:488} INFO - Process each file at most once every 30 seconds
[2025-04-04T14:34:17.769+0000] {manager.py:489} INFO - Checking for new files in /opt/airflow/dags every 300 seconds
[2025-04-04T14:34:17.777+0000] {manager.py:755} INFO - Searching for files in /opt/airflow/dags
[2025-04-04T14:34:17.813+0000] {manager.py:758} INFO - There are 1 files in /opt/airflow/dags
[2025-04-04T14:34:18.779+0000] {manager.py:887} INFO - 
================================================================================
DAG File Processing Stats

File Path                                   PID    Runtime      # DAGs    # Errors  Last Runtime    Last Run
------------------------------------------  -----  ---------  --------  ----------  --------------  -------------------
/opt/airflow/dags/spark_distributed_etl.py                           1           0  0.63s           2025-04-04T14:34:18
================================================================================
[2025-04-04T14:34:48.411+0000] {manager.py:887} INFO - 
================================================================================
DAG File Processing Stats

File Path                                   PID    Runtime      # DAGs    # Errors  Last Runtime    Last Run
------------------------------------------  -----  ---------  --------  ----------  --------------  -------------------
/opt/airflow/dags/spark_distributed_etl.py                           1           0  0.63s           2025-04-04T14:34:18
================================================================================
[2025-04-04T14:35:16.911+0000] {manager.py:887} INFO - 
================================================================================
DAG File Processing Stats

File Path                                   PID    Runtime      # DAGs    # Errors  Last Runtime    Last Run
------------------------------------------  -----  ---------  --------  ----------  --------------  -------------------
/opt/airflow/dags/spark_distributed_etl.py                           1           0  1.03s           2025-04-04T14:34:52
================================================================================
[2025-04-04T14:35:45.206+0000] {manager.py:887} INFO - 
================================================================================
DAG File Processing Stats

File Path                                   PID    Runtime      # DAGs    # Errors  Last Runtime    Last Run
------------------------------------------  -----  ---------  --------  ----------  --------------  -------------------
/opt/airflow/dags/spark_distributed_etl.py                           1           0  0.73s           2025-04-04T14:35:23
================================================================================
[2025-04-04T14:36:15.478+0000] {manager.py:887} INFO - 
================================================================================
DAG File Processing Stats

File Path                                   PID    Runtime      # DAGs    # Errors  Last Runtime    Last Run
------------------------------------------  -----  ---------  --------  ----------  --------------  -------------------
/opt/airflow/dags/spark_distributed_etl.py                           1           0  0.31s           2025-04-04T14:35:54
================================================================================
[2025-04-04T14:36:43.573+0000] {manager.py:887} INFO - 
================================================================================
DAG File Processing Stats

File Path                                   PID    Runtime      # DAGs    # Errors  Last Runtime    Last Run
------------------------------------------  -----  ---------  --------  ----------  --------------  -------------------
/opt/airflow/dags/spark_distributed_etl.py                           1           0  0.21s           2025-04-04T14:36:24
================================================================================
[2025-04-04T14:37:10.108+0000] {manager.py:469} INFO - Exiting gracefully upon receiving signal 15
[2025-04-04T14:38:26.092+0000] {manager.py:487} INFO - Processing files using up to 1 processes at a time 
[2025-04-04T14:38:26.093+0000] {manager.py:488} INFO - Process each file at most once every 30 seconds
[2025-04-04T14:38:26.098+0000] {manager.py:489} INFO - Checking for new files in /opt/airflow/dags every 300 seconds
[2025-04-04T14:38:26.100+0000] {manager.py:755} INFO - Searching for files in /opt/airflow/dags
[2025-04-04T14:38:26.148+0000] {manager.py:758} INFO - There are 1 files in /opt/airflow/dags
[2025-04-04T14:38:27.249+0000] {manager.py:887} INFO - 
================================================================================
DAG File Processing Stats

File Path                                   PID    Runtime      # DAGs    # Errors  Last Runtime    Last Run
------------------------------------------  -----  ---------  --------  ----------  --------------  -------------------
/opt/airflow/dags/spark_distributed_etl.py                           1           0  0.63s           2025-04-04T14:38:27
================================================================================
[2025-04-04T14:38:55.798+0000] {manager.py:887} INFO - 
================================================================================
DAG File Processing Stats

File Path                                   PID    Runtime      # DAGs    # Errors  Last Runtime    Last Run
------------------------------------------  -----  ---------  --------  ----------  --------------  -------------------
/opt/airflow/dags/spark_distributed_etl.py                           1           0  0.63s           2025-04-04T14:38:27
================================================================================
[2025-04-04T14:39:19.032+0000] {manager.py:469} INFO - Exiting gracefully upon receiving signal 15
