[2025-04-04T14:36:09.288+0000] {logging_mixin.py:151} INFO - Changing /opt/airflow/logs/dag_id=daily_distributed_spark_etl/run_id=manual__2025-04-04T14:25:50.951817+00:00/task_id=run_spark_distributed_job permission to 509
[2025-04-04T14:36:09.288+0000] {logging_mixin.py:151} INFO - Failed to change /opt/airflow/logs/dag_id=daily_distributed_spark_etl/run_id=manual__2025-04-04T14:25:50.951817+00:00/task_id=run_spark_distributed_job permission to 509: [Errno 1] Operation not permitted: '/opt/airflow/logs/dag_id=daily_distributed_spark_etl/run_id=manual__2025-04-04T14:25:50.951817+00:00/task_id=run_spark_distributed_job'
[2025-04-04T14:36:09.364+0000] {logging_mixin.py:151} INFO - Changing /opt/airflow/logs/dag_id=daily_distributed_spark_etl/run_id=manual__2025-04-04T14:25:50.951817+00:00/task_id=run_spark_distributed_job permission to 509
[2025-04-04T14:36:09.364+0000] {logging_mixin.py:151} INFO - Failed to change /opt/airflow/logs/dag_id=daily_distributed_spark_etl/run_id=manual__2025-04-04T14:25:50.951817+00:00/task_id=run_spark_distributed_job permission to 509: [Errno 1] Operation not permitted: '/opt/airflow/logs/dag_id=daily_distributed_spark_etl/run_id=manual__2025-04-04T14:25:50.951817+00:00/task_id=run_spark_distributed_job'
[2025-04-04T14:36:09.428+0000] {taskinstance.py:1159} INFO - Dependencies all met for dep_context=non-requeueable deps ti=<TaskInstance: daily_distributed_spark_etl.run_spark_distributed_job manual__2025-04-04T14:25:50.951817+00:00 [queued]>
[2025-04-04T14:36:09.442+0000] {taskinstance.py:1159} INFO - Dependencies all met for dep_context=requeueable deps ti=<TaskInstance: daily_distributed_spark_etl.run_spark_distributed_job manual__2025-04-04T14:25:50.951817+00:00 [queued]>
[2025-04-04T14:36:09.443+0000] {taskinstance.py:1361} INFO - Starting attempt 2 of 3
[2025-04-04T14:36:09.505+0000] {taskinstance.py:1382} INFO - Executing <Task(BashOperator): run_spark_distributed_job> on 2025-04-04 14:25:50.951817+00:00
[2025-04-04T14:36:09.518+0000] {standard_task_runner.py:84} INFO - Running: ['airflow', 'tasks', 'run', 'daily_distributed_spark_etl', 'run_spark_distributed_job', 'manual__2025-04-04T14:25:50.951817+00:00', '--job-id', '6', '--raw', '--subdir', 'DAGS_FOLDER/spark_distributed_etl.py', '--cfg-path', '/tmp/tmp80na67_w']
[2025-04-04T14:36:09.521+0000] {standard_task_runner.py:85} INFO - Job 6: Subtask run_spark_distributed_job
[2025-04-04T14:36:09.513+0000] {standard_task_runner.py:57} INFO - Started process 45 to run task
[2025-04-04T14:36:09.687+0000] {logging_mixin.py:151} INFO - Changing /opt/airflow/logs/dag_id=daily_distributed_spark_etl/run_id=manual__2025-04-04T14:25:50.951817+00:00/task_id=run_spark_distributed_job permission to 509
[2025-04-04T14:36:09.688+0000] {logging_mixin.py:151} INFO - Failed to change /opt/airflow/logs/dag_id=daily_distributed_spark_etl/run_id=manual__2025-04-04T14:25:50.951817+00:00/task_id=run_spark_distributed_job permission to 509: [Errno 1] Operation not permitted: '/opt/airflow/logs/dag_id=daily_distributed_spark_etl/run_id=manual__2025-04-04T14:25:50.951817+00:00/task_id=run_spark_distributed_job'
[2025-04-04T14:36:09.692+0000] {task_command.py:416} INFO - Running <TaskInstance: daily_distributed_spark_etl.run_spark_distributed_job manual__2025-04-04T14:25:50.951817+00:00 [running]> on host b3e955a18a01
[2025-04-04T14:36:09.909+0000] {taskinstance.py:1662} INFO - Exporting env vars: AIRFLOW_CTX_DAG_EMAIL='data.team@example.com' AIRFLOW_CTX_DAG_OWNER='data_engineer' AIRFLOW_CTX_DAG_ID='daily_distributed_spark_etl' AIRFLOW_CTX_TASK_ID='run_spark_distributed_job' AIRFLOW_CTX_EXECUTION_DATE='2025-04-04T14:25:50.951817+00:00' AIRFLOW_CTX_TRY_NUMBER='2' AIRFLOW_CTX_DAG_RUN_ID='manual__2025-04-04T14:25:50.951817+00:00'
[2025-04-04T14:36:09.912+0000] {subprocess.py:63} INFO - Tmp dir root location: /tmp
[2025-04-04T14:36:09.915+0000] {subprocess.py:75} INFO - Running command: ['/bin/bash', '-c', 'echo "🔥 Lancement du job Spark..." && docker exec spark-app spark-submit --master spark://spark-master:7077 --deploy-mode client /opt/spark_jobs/process_users.py']
[2025-04-04T14:36:09.946+0000] {subprocess.py:86} INFO - Output:
[2025-04-04T14:36:09.950+0000] {subprocess.py:93} INFO - 🔥 Lancement du job Spark...
[2025-04-04T14:36:09.996+0000] {subprocess.py:93} INFO - Cannot connect to the Docker daemon at unix:///var/run/docker.sock. Is the docker daemon running?
[2025-04-04T14:36:10.000+0000] {subprocess.py:97} INFO - Command exited with return code 1
[2025-04-04T14:36:10.019+0000] {taskinstance.py:1937} ERROR - Task failed with exception
Traceback (most recent call last):
  File "/home/airflow/.local/lib/python3.8/site-packages/airflow/operators/bash.py", line 210, in execute
    raise AirflowException(
airflow.exceptions.AirflowException: Bash command failed. The command returned a non-zero exit code 1.
[2025-04-04T14:36:10.027+0000] {taskinstance.py:1400} INFO - Marking task as UP_FOR_RETRY. dag_id=daily_distributed_spark_etl, task_id=run_spark_distributed_job, execution_date=20250404T142550, start_date=20250404T143609, end_date=20250404T143610
[2025-04-04T14:36:10.120+0000] {standard_task_runner.py:104} ERROR - Failed to execute job 6 for task run_spark_distributed_job (Bash command failed. The command returned a non-zero exit code 1.; 45)
[2025-04-04T14:36:10.163+0000] {local_task_job_runner.py:228} INFO - Task exited with return code 1
[2025-04-04T14:36:10.308+0000] {taskinstance.py:2778} INFO - 0 downstream tasks scheduled from follow-on schedule check
